2025-03-09 21:41:42,728 - INFO - Starting Bay Area startup data collection...
2025-03-09 21:41:42,730 - INFO - Fetching Bay Area companies from GitHub repositories...
2025-03-09 21:41:42,730 - INFO - Fetching from tech-companies-bay-area...
2025-03-09 21:41:42,730 - INFO - Fetching business data from DataSF...
2025-03-09 21:41:42,731 - INFO - Fetching building permit data from DataSF...
2025-03-09 21:41:42,822 - ERROR - Error fetching from tech-companies-bay-area: <urlopen error [SSL: CERTIFICATE_VERIFY_FAILED] certificate verify failed: unable to get local issuer certificate (_ssl.c:1000)>
2025-03-09 21:41:42,822 - INFO - Fetching from silicon-valley-companies...
2025-03-09 21:41:42,898 - ERROR - Error fetching from silicon-valley-companies: <urlopen error [SSL: CERTIFICATE_VERIFY_FAILED] certificate verify failed: unable to get local issuer certificate (_ssl.c:1000)>
2025-03-09 21:41:42,898 - WARNING - No data retrieved from GitHub repositories
2025-03-09 21:41:43,286 - ERROR - Error accessing DataSF API: 400
2025-03-09 21:41:43,287 - ERROR - {"message":"Query coordinator error: query.soql.no-such-column; No such column: business_start_date; position: Map(row -> 1, column -> 1373, line -> \"SELECT `uniqueid`, `ttxid`, `certificate_number`, `ownership_name`, `dba_name`, `full_business_address`, `city`, `state`, `business_zip`, `dba_start_date`, `dba_end_date`, `location_start_date`, `location_end_date`, `administratively_closed`, `mailing_address_1`, `mail_city`, `mail_zipcode`, `mail_state`, `naic_code`, `naic_code_description`, `naics_code_descriptions_list`, `parking_tax`, `transient_occupancy_tax`, `lic`, `lic_code_description`, `lic_code_descriptions_list`, `supervisor_district`, `neighborhoods_analysis_boundaries`, `business_corridor`, `location`, `data_as_of`, `data_loaded_at`, `:@computed_region_6qbp_sg9q`, `:@computed_region_qgnn_b9vv`, `:@computed_region_26cr_cadq`, `:@computed_region_ajp5_b2md`, `:@computed_region_jwn9_ihcz` |> SELECT `uniqueid`, `ttxid`, `certificate_number`, `ownership_name`, `dba_name`, `full_business_address`, `city`, `state`, `business_zip`, `dba_start_date`, `dba_end_date`, `location_start_date`, `location_end_date`, `administratively_closed`, `mailing_address_1`, `mail_city`, `mail_zipcode`, `mail_state`, `naic_code`, `naic_code_description`, `naics_code_descriptions_list`, `parking_tax`, `transient_occupancy_tax`, `lic`, `lic_code_description`, `lic_code_descriptions_list`, `supervisor_district`, `neighborhoods_analysis_boundaries`, `business_corridor`, `location`, `data_as_of`, `data_loaded_at` WHERE `business_start_date` >= \\\"2015-03-12\\\" ORDER BY `business_start_date` DESC NULL FIRST LIMIT 50000\\n                                                                                                                                                                                                                                                                                                                                                                                                                                                                                                                                                                                                                                                                                                                                                                                                                                                                                                                                                                                                                                                                                                                                                                                                                                                                                                                                                                                                                            ^\")","errorCode":"query.soql.no-such-column","data":{"column":"business_start_date","dataset":"foxtrot.2666","position":{"row":1,"column":1373,"line":"SELECT `uniqueid`, `ttxid`, `certificate_number`, `ownership_name`, `dba_name`, `full_business_address`, `city`, `state`, `business_zip`, `dba_start_date`, `dba_end_date`, `location_start_date`, `location_end_date`, `administratively_closed`, `mailing_address_1`, `mail_city`, `mail_zipcode`, `mail_state`, `naic_code`, `naic_code_description`, `naics_code_descriptions_list`, `parking_tax`, `transient_occupancy_tax`, `lic`, `lic_code_description`, `lic_code_descriptions_list`, `supervisor_district`, `neighborhoods_analysis_boundaries`, `business_corridor`, `location`, `data_as_of`, `data_loaded_at`, `:@computed_region_6qbp_sg9q`, `:@computed_region_qgnn_b9vv`, `:@computed_region_26cr_cadq`, `:@computed_region_ajp5_b2md`, `:@computed_region_jwn9_ihcz` |> SELECT `uniqueid`, `ttxid`, `certificate_number`, `ownership_name`, `dba_name`, `full_business_address`, `city`, `state`, `business_zip`, `dba_start_date`, `dba_end_date`, `location_start_date`, `location_end_date`, `administratively_closed`, `mailing_address_1`, `mail_city`, `mail_zipcode`, `mail_state`, `naic_code`, `naic_code_description`, `naics_code_descriptions_list`, `parking_tax`, `transient_occupancy_tax`, `lic`, `lic_code_description`, `lic_code_descriptions_list`, `supervisor_district`, `neighborhoods_analysis_boundaries`, `business_corridor`, `location`, `data_as_of`, `data_loaded_at` WHERE `business_start_date` >= \"2015-03-12\" ORDER BY `business_start_date` DESC NULL FIRST LIMIT 50000\n                                                                                                                                                                                                                                                                                                                                                                                                                                                                                                                                                                                                                                                                                                                                                                                                                                                                                                                                                                                                                                                                                                                                                                                                                                                                                                                                                                                                                            ^"}}}
2025-03-09 21:41:45,155 - INFO - Saved raw data to data/datasf_building_permits_raw.csv with 0 records
2025-03-09 21:41:45,155 - INFO - No companies extracted from building permits
2025-03-09 21:41:45,157 - INFO - Completed initial data collection:
2025-03-09 21:41:45,157 - INFO -   - GitHub companies: 0
2025-03-09 21:41:45,157 - INFO -   - DataSF businesses: 0
2025-03-09 21:41:45,157 - INFO -   - Building permits: 0
2025-03-09 21:41:45,157 - INFO - Starting secondary data collection...
2025-03-09 21:41:45,157 - INFO - Fetching data from Bay Area economic development sources...
2025-03-09 21:41:45,576 - ERROR - Error accessing San Mateo County API: 404
2025-03-09 21:41:45,582 - INFO - Collected 0 records from economic data
2025-03-09 21:41:45,583 - INFO - Scraping Bay Area VC portfolios...
2025-03-09 21:41:45,583 - INFO - Checking portfolio for Andreessen Horowitz...
2025-03-09 21:41:46,091 - INFO - Found 0 potential companies from Andreessen Horowitz
2025-03-09 21:41:48,092 - INFO - Checking portfolio for Sequoia Capital...
2025-03-09 21:41:48,854 - INFO - Found 0 potential companies from Sequoia Capital
2025-03-09 21:41:50,858 - INFO - Checking portfolio for Greylock...
2025-03-09 21:41:51,319 - INFO - Found 0 potential companies from Greylock
2025-03-09 21:41:53,326 - INFO - Checking portfolio for Khosla Ventures...
2025-03-09 21:41:54,351 - INFO - Found 0 potential companies from Khosla Ventures
2025-03-09 21:41:56,356 - INFO - Checking portfolio for Accel...
2025-03-09 21:41:56,700 - WARNING - Could not access Accel portfolio page: 404
2025-03-09 21:41:58,705 - WARNING - No VC portfolio companies found
2025-03-09 21:41:58,713 - INFO - Collected 0 records from VC portfolios
2025-03-09 21:41:58,713 - INFO - Fetching startup mentions from news sources...
2025-03-09 21:41:59,620 - INFO - No companies extracted from news mentions
2025-03-09 21:41:59,624 - INFO - Collected 0 records from news mentions
2025-03-09 21:41:59,624 - INFO - Merging all data sources...
2025-03-09 21:41:59,624 - WARNING - File not found: data/github_bay_area_companies.csv
2025-03-09 21:41:59,625 - WARNING - File not found: data/datasf_tech_businesses.csv
2025-03-09 21:41:59,625 - WARNING - File not found: data/datasf_permit_companies.csv
2025-03-09 21:41:59,625 - WARNING - File not found: data/smc_tech_businesses.csv
2025-03-09 21:41:59,625 - WARNING - File not found: data/vc_portfolio_companies.csv
2025-03-09 21:41:59,625 - WARNING - File not found: data/news_mentioned_companies.csv
2025-03-09 21:41:59,625 - ERROR - No data files found to merge
2025-03-09 21:41:59,625 - ERROR - Failed to create final dataset
2025-03-09 21:41:59,626 - ERROR - Data collection failed
