2025-03-09 20:20:43,963 - bay_area_startup_collector - INFO - Starting complete data collection process for Bay Area startups
2025-03-09 20:20:43,964 - bay_area_startup_collector - INFO - Collecting DataSF registered business data...
2025-03-09 20:20:43,964 - root - WARNING - Requests made without an app_token will be subject to strict throttling limits.
2025-03-09 20:20:45,848 - bay_area_startup_collector - INFO - Total businesses in DataSF: 338133
2025-03-09 20:20:46,081 - bay_area_startup_collector - ERROR - Error collecting DataSF data: 400 Client Error: Bad Request.
	Query coordinator error: query.soql.no-such-column; No such column: business_name; position: Map(row -> 1, column -> 770, line -> "SELECT `uniqueid`, `ttxid`, `certificate_number`, `ownership_name`, `dba_name`, `full_business_address`, `city`, `state`, `business_zip`, `dba_start_date`, `dba_end_date`, `location_start_date`, `location_end_date`, `administratively_closed`, `mailing_address_1`, `mail_city`, `mail_zipcode`, `mail_state`, `naic_code`, `naic_code_description`, `naics_code_descriptions_list`, `parking_tax`, `transient_occupancy_tax`, `lic`, `lic_code_description`, `lic_code_descriptions_list`, `supervisor_district`, `neighborhoods_analysis_boundaries`, `business_corridor`, `location`, `data_as_of`, `data_loaded_at`, `:@computed_region_6qbp_sg9q`, `:@computed_region_qgnn_b9vv`, `:@computed_region_26cr_cadq`, `:@computed_region_ajp5_b2md`, `:@computed_region_jwn9_ihcz` |> SELECT `business_name`, `business_start_date`, `business_end_date`, `lic_code_description`, `naics_code_description`, `location_address`, `location_zip`, `location` WHERE `business_end_date` IS NULL AND `lic_code_description` IS NOT NULL LIMIT 10000 OFFSET 0\n                                                                                                                                                                                                                                                                                                                                                                                                                                                                                                                                                                                                                                                                                                                                                                                                 ^")
Traceback (most recent call last):
  File "/Users/hk/Downloads/DSFinalYearProject/dataCollect/dataTesting", line 233, in collect_datasf_businesses
    results = client.get(
              ^^^^^^^^^^^
  File "/Users/hk/Downloads/DSFinalYearProject/.venv/lib/python3.12/site-packages/sodapy/socrata.py", line 412, in get
    response = self._perform_request(
               ^^^^^^^^^^^^^^^^^^^^^^
  File "/Users/hk/Downloads/DSFinalYearProject/.venv/lib/python3.12/site-packages/sodapy/socrata.py", line 555, in _perform_request
    utils.raise_for_status(response)
  File "/Users/hk/Downloads/DSFinalYearProject/.venv/lib/python3.12/site-packages/sodapy/utils.py", line 30, in raise_for_status
    raise requests.exceptions.HTTPError(http_error_msg, response=response)
requests.exceptions.HTTPError: 400 Client Error: Bad Request.
	Query coordinator error: query.soql.no-such-column; No such column: business_name; position: Map(row -> 1, column -> 770, line -> "SELECT `uniqueid`, `ttxid`, `certificate_number`, `ownership_name`, `dba_name`, `full_business_address`, `city`, `state`, `business_zip`, `dba_start_date`, `dba_end_date`, `location_start_date`, `location_end_date`, `administratively_closed`, `mailing_address_1`, `mail_city`, `mail_zipcode`, `mail_state`, `naic_code`, `naic_code_description`, `naics_code_descriptions_list`, `parking_tax`, `transient_occupancy_tax`, `lic`, `lic_code_description`, `lic_code_descriptions_list`, `supervisor_district`, `neighborhoods_analysis_boundaries`, `business_corridor`, `location`, `data_as_of`, `data_loaded_at`, `:@computed_region_6qbp_sg9q`, `:@computed_region_qgnn_b9vv`, `:@computed_region_26cr_cadq`, `:@computed_region_ajp5_b2md`, `:@computed_region_jwn9_ihcz` |> SELECT `business_name`, `business_start_date`, `business_end_date`, `lic_code_description`, `naics_code_description`, `location_address`, `location_zip`, `location` WHERE `business_end_date` IS NULL AND `lic_code_description` IS NOT NULL LIMIT 10000 OFFSET 0\n                                                                                                                                                                                                                                                                                                                                                                                                                                                                                                                                                                                                                                                                                                                                                                                                 ^")
2025-03-09 20:20:46,101 - bay_area_startup_collector - INFO - Collecting Y Combinator company data...
2025-03-09 20:20:46,102 - WDM - INFO - ====== WebDriver manager ======
2025-03-09 20:20:46,681 - WDM - INFO - Get LATEST chromedriver version for google-chrome
2025-03-09 20:20:46,771 - WDM - INFO - Get LATEST chromedriver version for google-chrome
2025-03-09 20:20:46,816 - WDM - INFO - Driver [/Users/hk/.wdm/drivers/chromedriver/mac64/133.0.6943.141/chromedriver-mac-arm64/chromedriver] found in cache
2025-03-09 20:20:47,937 - bay_area_startup_collector - INFO - Initialized Chrome WebDriver
2025-03-09 20:21:08,899 - bay_area_startup_collector - ERROR - Error collecting Y Combinator data: Message: 
Stacktrace:
0   chromedriver                        0x00000001008f02d4 cxxbridge1$str$ptr + 2739836
1   chromedriver                        0x00000001008e8934 cxxbridge1$str$ptr + 2708700
2   chromedriver                        0x0000000100449f90 cxxbridge1$string$len + 93360
3   chromedriver                        0x0000000100490de4 cxxbridge1$string$len + 383748
4   chromedriver                        0x00000001004d1e80 cxxbridge1$string$len + 650144
5   chromedriver                        0x0000000100485060 cxxbridge1$string$len + 335232
6   chromedriver                        0x00000001008b8c38 cxxbridge1$str$ptr + 2512864
7   chromedriver                        0x00000001008bbf58 cxxbridge1$str$ptr + 2525952
8   chromedriver                        0x000000010089e578 cxxbridge1$str$ptr + 2404640
9   chromedriver                        0x00000001008bc818 cxxbridge1$str$ptr + 2528192
10  chromedriver                        0x000000010088ef2c cxxbridge1$str$ptr + 2341588
11  chromedriver                        0x00000001008d8a60 cxxbridge1$str$ptr + 2643464
12  chromedriver                        0x00000001008d8be8 cxxbridge1$str$ptr + 2643856
13  chromedriver                        0x00000001008e85a8 cxxbridge1$str$ptr + 2707792
14  libsystem_pthread.dylib             0x00000001a898ffa8 _pthread_start + 148
15  libsystem_pthread.dylib             0x00000001a898ada0 thread_start + 8
Traceback (most recent call last):
  File "/Users/hk/Downloads/DSFinalYearProject/dataCollect/dataTesting", line 446, in collect_ycombinator_data
    WebDriverWait(self.driver, 20).until(
  File "/Users/hk/Downloads/DSFinalYearProject/.venv/lib/python3.12/site-packages/selenium/webdriver/support/wait.py", line 146, in until
    raise TimeoutException(message, screen, stacktrace)
selenium.common.exceptions.TimeoutException: Message: 
Stacktrace:
0   chromedriver                        0x00000001008f02d4 cxxbridge1$str$ptr + 2739836
1   chromedriver                        0x00000001008e8934 cxxbridge1$str$ptr + 2708700
2   chromedriver                        0x0000000100449f90 cxxbridge1$string$len + 93360
3   chromedriver                        0x0000000100490de4 cxxbridge1$string$len + 383748
4   chromedriver                        0x00000001004d1e80 cxxbridge1$string$len + 650144
5   chromedriver                        0x0000000100485060 cxxbridge1$string$len + 335232
6   chromedriver                        0x00000001008b8c38 cxxbridge1$str$ptr + 2512864
7   chromedriver                        0x00000001008bbf58 cxxbridge1$str$ptr + 2525952
8   chromedriver                        0x000000010089e578 cxxbridge1$str$ptr + 2404640
9   chromedriver                        0x00000001008bc818 cxxbridge1$str$ptr + 2528192
10  chromedriver                        0x000000010088ef2c cxxbridge1$str$ptr + 2341588
11  chromedriver                        0x00000001008d8a60 cxxbridge1$str$ptr + 2643464
12  chromedriver                        0x00000001008d8be8 cxxbridge1$str$ptr + 2643856
13  chromedriver                        0x00000001008e85a8 cxxbridge1$str$ptr + 2707792
14  libsystem_pthread.dylib             0x00000001a898ffa8 _pthread_start + 148
15  libsystem_pthread.dylib             0x00000001a898ada0 thread_start + 8

2025-03-09 20:21:08,903 - bay_area_startup_collector - INFO - Collecting startup data from GitHub repositories...
2025-03-09 20:21:09,075 - backoff - INFO - Backing off _make_request(...) for 0.8s (requests.exceptions.HTTPError: 404 Client Error: Not Found for url: https://raw.githubusercontent.com/candicecz/tech-companies-bay-area/master/README.md)
2025-03-09 20:21:09,905 - backoff - INFO - Backing off _make_request(...) for 1.0s (requests.exceptions.HTTPError: 404 Client Error: Not Found for url: https://raw.githubusercontent.com/candicecz/tech-companies-bay-area/master/README.md)
2025-03-09 20:21:10,970 - backoff - INFO - Backing off _make_request(...) for 3.8s (requests.exceptions.HTTPError: 404 Client Error: Not Found for url: https://raw.githubusercontent.com/candicecz/tech-companies-bay-area/master/README.md)
2025-03-09 20:21:14,877 - backoff - INFO - Backing off _make_request(...) for 2.1s (requests.exceptions.HTTPError: 404 Client Error: Not Found for url: https://raw.githubusercontent.com/candicecz/tech-companies-bay-area/master/README.md)
2025-03-09 20:21:17,026 - backoff - ERROR - Giving up _make_request(...) after 5 tries (requests.exceptions.HTTPError: 404 Client Error: Not Found for url: https://raw.githubusercontent.com/candicecz/tech-companies-bay-area/master/README.md)
2025-03-09 20:21:17,026 - bay_area_startup_collector - ERROR - Error collecting from tech-companies-bay-area: 404 Client Error: Not Found for url: https://raw.githubusercontent.com/candicecz/tech-companies-bay-area/master/README.md
2025-03-09 20:21:17,184 - backoff - INFO - Backing off _make_request(...) for 0.5s (requests.exceptions.HTTPError: 404 Client Error: Not Found for url: https://raw.githubusercontent.com/garethdmm/graveyard/master/pdf_data_decomposed.csv)
2025-03-09 20:21:17,788 - backoff - INFO - Backing off _make_request(...) for 1.5s (requests.exceptions.HTTPError: 404 Client Error: Not Found for url: https://raw.githubusercontent.com/garethdmm/graveyard/master/pdf_data_decomposed.csv)
2025-03-09 20:21:19,383 - backoff - INFO - Backing off _make_request(...) for 3.4s (requests.exceptions.HTTPError: 404 Client Error: Not Found for url: https://raw.githubusercontent.com/garethdmm/graveyard/master/pdf_data_decomposed.csv)
2025-03-09 20:21:22,882 - backoff - INFO - Backing off _make_request(...) for 5.5s (requests.exceptions.HTTPError: 404 Client Error: Not Found for url: https://raw.githubusercontent.com/garethdmm/graveyard/master/pdf_data_decomposed.csv)
2025-03-09 20:21:28,383 - backoff - ERROR - Giving up _make_request(...) after 5 tries (requests.exceptions.HTTPError: 404 Client Error: Not Found for url: https://raw.githubusercontent.com/garethdmm/graveyard/master/pdf_data_decomposed.csv)
2025-03-09 20:21:28,383 - bay_area_startup_collector - ERROR - Error collecting from garethdmm/graveyard: 404 Client Error: Not Found for url: https://raw.githubusercontent.com/garethdmm/graveyard/master/pdf_data_decomposed.csv
2025-03-09 20:21:28,577 - backoff - INFO - Backing off _make_request(...) for 0.3s (requests.exceptions.HTTPError: 404 Client Error: Not Found for url: https://raw.githubusercontent.com/sfbrigade/sf-openreferral/master/data/organizations.csv)
2025-03-09 20:21:28,885 - backoff - INFO - Backing off _make_request(...) for 0.4s (requests.exceptions.HTTPError: 404 Client Error: Not Found for url: https://raw.githubusercontent.com/sfbrigade/sf-openreferral/master/data/organizations.csv)
2025-03-09 20:21:29,350 - backoff - INFO - Backing off _make_request(...) for 3.7s (requests.exceptions.HTTPError: 404 Client Error: Not Found for url: https://raw.githubusercontent.com/sfbrigade/sf-openreferral/master/data/organizations.csv)
2025-03-09 20:21:33,078 - backoff - INFO - Backing off _make_request(...) for 3.7s (requests.exceptions.HTTPError: 404 Client Error: Not Found for url: https://raw.githubusercontent.com/sfbrigade/sf-openreferral/master/data/organizations.csv)
2025-03-09 20:21:36,869 - backoff - ERROR - Giving up _make_request(...) after 5 tries (requests.exceptions.HTTPError: 404 Client Error: Not Found for url: https://raw.githubusercontent.com/sfbrigade/sf-openreferral/master/data/organizations.csv)
2025-03-09 20:21:36,869 - bay_area_startup_collector - ERROR - Error collecting from sfbrigade/sf-openreferral: 404 Client Error: Not Found for url: https://raw.githubusercontent.com/sfbrigade/sf-openreferral/master/data/organizations.csv
2025-03-09 20:21:36,870 - bay_area_startup_collector - WARNING - No data collected from GitHub sources
2025-03-09 20:21:36,872 - bay_area_startup_collector - INFO - Collecting Crunchbase free data...
2025-03-09 20:21:43,336 - bay_area_startup_collector - WARNING - No Crunchbase company data collected
2025-03-09 20:21:43,341 - bay_area_startup_collector - INFO - Collecting Wellfound (AngelList) data...
2025-03-09 20:21:59,942 - bay_area_startup_collector - INFO - Scrolled Wellfound page 5 times
2025-03-09 20:22:10,012 - bay_area_startup_collector - INFO - Scrolled Wellfound page 10 times
2025-03-09 20:22:20,114 - bay_area_startup_collector - INFO - Scrolled Wellfound page 15 times
2025-03-09 20:22:30,191 - bay_area_startup_collector - INFO - Scrolled Wellfound page 20 times
2025-03-09 20:22:40,383 - bay_area_startup_collector - INFO - Scrolled Wellfound page 25 times
2025-03-09 20:22:50,482 - bay_area_startup_collector - INFO - Scrolled Wellfound page 30 times
2025-03-09 20:22:50,510 - bay_area_startup_collector - INFO - Found 0 Wellfound startup cards
2025-03-09 20:22:50,512 - bay_area_startup_collector - WARNING - No Wellfound companies collected
2025-03-09 20:22:50,532 - bay_area_startup_collector - INFO - Collecting SEC EDGAR data...
2025-03-09 20:22:50,848 - backoff - INFO - Backing off _make_request(...) for 0.8s (requests.exceptions.HTTPError: 403 Client Error: Forbidden for url: https://www.sec.gov/files/company_tickers.json)
2025-03-09 20:22:51,732 - backoff - INFO - Backing off _make_request(...) for 0.6s (requests.exceptions.HTTPError: 403 Client Error: Forbidden for url: https://www.sec.gov/files/company_tickers.json)
2025-03-09 20:22:52,457 - backoff - INFO - Backing off _make_request(...) for 1.6s (requests.exceptions.HTTPError: 403 Client Error: Forbidden for url: https://www.sec.gov/files/company_tickers.json)
2025-03-09 20:22:54,111 - backoff - INFO - Backing off _make_request(...) for 7.9s (requests.exceptions.HTTPError: 403 Client Error: Forbidden for url: https://www.sec.gov/files/company_tickers.json)
2025-03-09 20:23:02,078 - backoff - ERROR - Giving up _make_request(...) after 5 tries (requests.exceptions.HTTPError: 403 Client Error: Forbidden for url: https://www.sec.gov/files/company_tickers.json)
2025-03-09 20:23:02,079 - bay_area_startup_collector - ERROR - Error collecting SEC EDGAR data: 403 Client Error: Forbidden for url: https://www.sec.gov/files/company_tickers.json
Traceback (most recent call last):
  File "/Users/hk/Downloads/DSFinalYearProject/dataCollect/dataTesting", line 754, in collect_sec_edgar_data
    response = self._make_request(company_tickers_url)
               ^^^^^^^^^^^^^^^^^^^^^^^^^^^^^^^^^^^^^^^
  File "/Users/hk/Downloads/DSFinalYearProject/.venv/lib/python3.12/site-packages/backoff/_sync.py", line 105, in retry
    ret = target(*args, **kwargs)
          ^^^^^^^^^^^^^^^^^^^^^^^
  File "/Users/hk/Downloads/DSFinalYearProject/dataCollect/dataTesting", line 165, in _make_request
    response.raise_for_status()
  File "/Users/hk/Downloads/DSFinalYearProject/.venv/lib/python3.12/site-packages/requests/models.py", line 1024, in raise_for_status
    raise HTTPError(http_error_msg, response=self)
requests.exceptions.HTTPError: 403 Client Error: Forbidden for url: https://www.sec.gov/files/company_tickers.json
2025-03-09 20:23:02,099 - bay_area_startup_collector - INFO - Collecting OpenCorporates data...
2025-03-09 20:23:02,100 - bay_area_startup_collector - WARNING - No OpenCorporates API key provided. Using limited public access.
2025-03-09 20:23:02,810 - backoff - INFO - Backing off _make_request(...) for 0.9s (requests.exceptions.HTTPError: 401 Client Error: Unauthorized for url: https://api.opencorporates.com/v0.4/companies/search?q=technology&jurisdiction_code=us_ca&per_page=100)
2025-03-09 20:23:04,446 - backoff - INFO - Backing off _make_request(...) for 1.4s (requests.exceptions.HTTPError: 401 Client Error: Unauthorized for url: https://api.opencorporates.com/v0.4/companies/search?q=technology&jurisdiction_code=us_ca&per_page=100)
2025-03-09 20:23:06,655 - backoff - INFO - Backing off _make_request(...) for 3.8s (requests.exceptions.HTTPError: 401 Client Error: Unauthorized for url: https://api.opencorporates.com/v0.4/companies/search?q=technology&jurisdiction_code=us_ca&per_page=100)
2025-03-09 20:23:11,097 - backoff - INFO - Backing off _make_request(...) for 0.0s (requests.exceptions.HTTPError: 401 Client Error: Unauthorized for url: https://api.opencorporates.com/v0.4/companies/search?q=technology&jurisdiction_code=us_ca&per_page=100)
2025-03-09 20:23:11,789 - backoff - ERROR - Giving up _make_request(...) after 5 tries (requests.exceptions.HTTPError: 401 Client Error: Unauthorized for url: https://api.opencorporates.com/v0.4/companies/search?q=technology&jurisdiction_code=us_ca&per_page=100)
2025-03-09 20:23:11,789 - bay_area_startup_collector - WARNING - Error searching OpenCorporates for term 'technology': 401 Client Error: Unauthorized for url: https://api.opencorporates.com/v0.4/companies/search?q=technology&jurisdiction_code=us_ca&per_page=100
2025-03-09 20:23:12,462 - backoff - INFO - Backing off _make_request(...) for 0.8s (requests.exceptions.HTTPError: 401 Client Error: Unauthorized for url: https://api.opencorporates.com/v0.4/companies/search?q=software&jurisdiction_code=us_ca&per_page=100)
2025-03-09 20:23:13,926 - backoff - INFO - Backing off _make_request(...) for 0.9s (requests.exceptions.HTTPError: 401 Client Error: Unauthorized for url: https://api.opencorporates.com/v0.4/companies/search?q=software&jurisdiction_code=us_ca&per_page=100)
2025-03-09 20:23:15,493 - backoff - INFO - Backing off _make_request(...) for 3.1s (requests.exceptions.HTTPError: 401 Client Error: Unauthorized for url: https://api.opencorporates.com/v0.4/companies/search?q=software&jurisdiction_code=us_ca&per_page=100)
2025-03-09 20:23:19,460 - backoff - INFO - Backing off _make_request(...) for 4.6s (requests.exceptions.HTTPError: 401 Client Error: Unauthorized for url: https://api.opencorporates.com/v0.4/companies/search?q=software&jurisdiction_code=us_ca&per_page=100)
2025-03-09 20:23:24,737 - backoff - ERROR - Giving up _make_request(...) after 5 tries (requests.exceptions.HTTPError: 401 Client Error: Unauthorized for url: https://api.opencorporates.com/v0.4/companies/search?q=software&jurisdiction_code=us_ca&per_page=100)
2025-03-09 20:23:24,737 - bay_area_startup_collector - WARNING - Error searching OpenCorporates for term 'software': 401 Client Error: Unauthorized for url: https://api.opencorporates.com/v0.4/companies/search?q=software&jurisdiction_code=us_ca&per_page=100
2025-03-09 20:23:26,654 - backoff - INFO - Backing off _make_request(...) for 0.2s (requests.exceptions.HTTPError: 401 Client Error: Unauthorized for url: https://api.opencorporates.com/v0.4/companies/search?q=biotech&jurisdiction_code=us_ca&per_page=100)
2025-03-09 20:23:27,547 - backoff - INFO - Backing off _make_request(...) for 2.0s (requests.exceptions.HTTPError: 401 Client Error: Unauthorized for url: https://api.opencorporates.com/v0.4/companies/search?q=biotech&jurisdiction_code=us_ca&per_page=100)
2025-03-09 20:23:30,191 - backoff - INFO - Backing off _make_request(...) for 0.4s (requests.exceptions.HTTPError: 401 Client Error: Unauthorized for url: https://api.opencorporates.com/v0.4/companies/search?q=biotech&jurisdiction_code=us_ca&per_page=100)
2025-03-09 20:23:31,234 - backoff - INFO - Backing off _make_request(...) for 7.2s (requests.exceptions.HTTPError: 401 Client Error: Unauthorized for url: https://api.opencorporates.com/v0.4/companies/search?q=biotech&jurisdiction_code=us_ca&per_page=100)
