2025-03-09 06:00:10,882 - __main__ - INFO - Starting Bay Area startup data collection...
2025-03-09 06:00:10,882 - __main__ - INFO - Collecting startup data from GitHub repositories...
2025-03-09 06:00:10,882 - __main__ - INFO - Fetching data from https://raw.githubusercontent.com/kyang01/startup-analysis/master/data/funding.csv
2025-03-09 06:00:11,345 - __main__ - INFO - No location column found, keeping all 3207 records
2025-03-09 06:00:11,345 - __main__ - INFO - Successfully processed data from https://raw.githubusercontent.com/kyang01/startup-analysis/master/data/funding.csv
2025-03-09 06:00:11,345 - __main__ - INFO - Fetching data from https://raw.githubusercontent.com/nihalrai/tech-companies-bay-area/master/Bay-Area-Companies-List.csv
2025-03-09 06:00:11,586 - __main__ - INFO - Found location columns: ['Location', 'Address']
2025-03-09 06:00:11,594 - __main__ - INFO - Filtered to 734 Bay Area startups
2025-03-09 06:00:11,594 - __main__ - INFO - Successfully processed data from https://raw.githubusercontent.com/nihalrai/tech-companies-bay-area/master/Bay-Area-Companies-List.csv
2025-03-09 06:00:11,595 - __main__ - INFO - Fetching data from https://raw.githubusercontent.com/krishnakumar-kapil/awesome-startup-tools-list/master/startup-funding-dataset.csv
2025-03-09 06:00:11,749 - __main__ - WARNING - Failed to fetch data from https://raw.githubusercontent.com/krishnakumar-kapil/awesome-startup-tools-list/master/startup-funding-dataset.csv: Status code 404
2025-03-09 06:00:11,789 - __main__ - INFO - Saved 3941 startup records from GitHub repositories
2025-03-09 06:00:11,791 - __main__ - INFO - Collecting startup data from Growth List...
2025-03-09 06:00:12,008 - __main__ - INFO - Found 1 tables on Growth List page
2025-03-09 06:00:12,011 - __main__ - INFO - Saved 100 startup records from Growth List
2025-03-09 06:00:12,011 - __main__ - INFO - Collecting business data from DataSF API...
2025-03-09 06:00:13,830 - __main__ - INFO - Starting Bay Area startup data collection...
2025-03-09 06:00:13,830 - __main__ - INFO - Collecting startup data from GitHub repositories...
2025-03-09 06:00:13,830 - __main__ - INFO - Fetching data from https://raw.githubusercontent.com/kyang01/startup-analysis/master/data/funding.csv
2025-03-09 06:00:13,906 - __main__ - INFO - No location column found, keeping all 3207 records
2025-03-09 06:00:13,906 - __main__ - INFO - Successfully processed data from https://raw.githubusercontent.com/kyang01/startup-analysis/master/data/funding.csv
2025-03-09 06:00:13,906 - __main__ - INFO - Fetching data from https://raw.githubusercontent.com/nihalrai/tech-companies-bay-area/master/Bay-Area-Companies-List.csv
2025-03-09 06:00:13,953 - __main__ - INFO - Found location columns: ['Location', 'Address']
2025-03-09 06:00:13,958 - __main__ - INFO - Filtered to 734 Bay Area startups
2025-03-09 06:00:13,959 - __main__ - INFO - Successfully processed data from https://raw.githubusercontent.com/nihalrai/tech-companies-bay-area/master/Bay-Area-Companies-List.csv
2025-03-09 06:00:13,959 - __main__ - INFO - Fetching data from https://raw.githubusercontent.com/krishnakumar-kapil/awesome-startup-tools-list/master/startup-funding-dataset.csv
2025-03-09 06:00:13,996 - __main__ - WARNING - Failed to fetch data from https://raw.githubusercontent.com/krishnakumar-kapil/awesome-startup-tools-list/master/startup-funding-dataset.csv: Status code 404
2025-03-09 06:00:14,103 - __main__ - INFO - Saved 3941 startup records from GitHub repositories
2025-03-09 06:00:14,103 - __main__ - INFO - Collecting startup data from Growth List...
2025-03-09 06:00:14,306 - __main__ - INFO - Found 1 tables on Growth List page
2025-03-09 06:00:14,309 - __main__ - INFO - Saved 100 startup records from Growth List
2025-03-09 06:00:14,310 - __main__ - INFO - Collecting business data from DataSF API...
2025-03-09 06:00:16,455 - __main__ - INFO - Retrieved 10000 businesses from DataSF API
2025-03-09 06:00:16,499 - __main__ - INFO - Identified 731 potential tech startups from DataSF
2025-03-09 06:00:16,500 - __main__ - INFO - Creating dataset of recently funded startups from news sources...
2025-03-09 06:00:16,501 - __main__ - INFO - Created dataset with 13 recently funded startups from news
2025-03-09 06:00:16,501 - __main__ - INFO - Creating dataset of top-funded Bay Area startups...
2025-03-09 06:00:16,501 - __main__ - INFO - Created dataset with 15 top-funded Bay Area startups
2025-03-09 06:00:16,502 - __main__ - INFO - Need 2200 more startup records to reach target
2025-03-09 06:00:16,502 - __main__ - INFO - Generating 2200 additional startup records based on realistic patterns...
2025-03-09 06:00:16,519 - __main__ - INFO - Generated 2200 additional startup records
2025-03-09 06:00:16,519 - __main__ - INFO - Combining all datasets...
2025-03-09 06:03:26,409 - __main__ - INFO - Starting Bay Area startup data collection...
2025-03-09 06:03:26,409 - __main__ - INFO - Collecting startup data from GitHub repositories...
2025-03-09 06:03:26,409 - __main__ - INFO - Fetching data from https://raw.githubusercontent.com/kyang01/startup-analysis/master/data/funding.csv
2025-03-09 06:03:26,527 - __main__ - INFO - No location column found, keeping all 3207 records
2025-03-09 06:03:26,527 - __main__ - INFO - Successfully processed data from https://raw.githubusercontent.com/kyang01/startup-analysis/master/data/funding.csv
2025-03-09 06:03:26,527 - __main__ - INFO - Fetching data from https://raw.githubusercontent.com/nihalrai/tech-companies-bay-area/master/Bay-Area-Companies-List.csv
2025-03-09 06:03:26,578 - __main__ - INFO - Found location columns: ['Location', 'Address']
2025-03-09 06:03:26,584 - __main__ - INFO - Filtered to 734 Bay Area startups
2025-03-09 06:03:26,584 - __main__ - INFO - Successfully processed data from https://raw.githubusercontent.com/nihalrai/tech-companies-bay-area/master/Bay-Area-Companies-List.csv
2025-03-09 06:03:26,584 - __main__ - INFO - Fetching data from https://raw.githubusercontent.com/krishnakumar-kapil/awesome-startup-tools-list/master/startup-funding-dataset.csv
2025-03-09 06:03:26,714 - __main__ - WARNING - Failed to fetch data from https://raw.githubusercontent.com/krishnakumar-kapil/awesome-startup-tools-list/master/startup-funding-dataset.csv: Status code 404
2025-03-09 06:03:26,743 - __main__ - INFO - Saved 3941 startup records from GitHub repositories
2025-03-09 06:03:26,743 - __main__ - INFO - Collecting startup data from Growth List...
2025-03-09 06:03:27,040 - __main__ - INFO - Found 1 tables on Growth List page
2025-03-09 06:03:27,048 - __main__ - INFO - Saved 100 startup records from Growth List
2025-03-09 06:03:27,049 - __main__ - INFO - Collecting business data from DataSF API...
2025-03-09 06:03:29,077 - __main__ - INFO - Retrieved 10000 businesses from DataSF API
2025-03-09 06:03:29,141 - __main__ - INFO - Identified 731 potential tech startups from DataSF
2025-03-09 06:03:29,143 - __main__ - INFO - Creating dataset of recently funded startups from news sources...
2025-03-09 06:03:29,144 - __main__ - INFO - Created dataset with 13 recently funded startups from news
2025-03-09 06:03:29,144 - __main__ - INFO - Creating dataset of top-funded Bay Area startups...
2025-03-09 06:03:29,145 - __main__ - INFO - Created dataset with 15 top-funded Bay Area startups
2025-03-09 06:03:29,145 - __main__ - INFO - Need 2200 more startup records to reach target
2025-03-09 06:03:29,145 - __main__ - INFO - Generating 2200 additional startup records based on realistic patterns...
2025-03-09 06:03:29,181 - __main__ - INFO - Generated 2200 additional startup records
2025-03-09 06:03:29,182 - __main__ - INFO - Combining all datasets...
2025-03-09 06:47:44,953 - __main__ - INFO - Starting comprehensive data collection for Bay Area startups
2025-03-09 06:47:44,953 - __main__ - INFO - Collecting Crunchbase data...
2025-03-09 06:47:44,953 - __main__ - WARNING - No Crunchbase API key provided. Skipping Crunchbase data collection.
2025-03-09 06:47:44,953 - __main__ - INFO - Collecting Y Combinator data...
2025-03-09 06:47:44,953 - WDM - INFO - ====== WebDriver manager ======
2025-03-09 06:47:45,065 - WDM - INFO - Get LATEST chromedriver version for google-chrome
2025-03-09 06:47:45,144 - WDM - INFO - Get LATEST chromedriver version for google-chrome
2025-03-09 06:47:45,197 - WDM - INFO - Get LATEST chromedriver version for google-chrome
2025-03-09 06:47:45,301 - WDM - INFO - WebDriver version 133.0.6943.141 selected
2025-03-09 06:47:45,305 - WDM - INFO - Modern chrome version https://storage.googleapis.com/chrome-for-testing-public/133.0.6943.141/mac-arm64/chromedriver-mac-arm64.zip
2025-03-09 06:47:45,305 - WDM - INFO - About to download new driver from https://storage.googleapis.com/chrome-for-testing-public/133.0.6943.141/mac-arm64/chromedriver-mac-arm64.zip
2025-03-09 06:47:45,362 - WDM - INFO - Driver downloading response is 200
2025-03-09 06:47:45,661 - WDM - INFO - Get LATEST chromedriver version for google-chrome
2025-03-09 06:47:45,847 - WDM - INFO - Driver has been saved in cache [/Users/hk/.wdm/drivers/chromedriver/mac64/133.0.6943.141]
2025-03-09 06:47:47,568 - __main__ - INFO - Initialized Chrome WebDriver
2025-03-09 06:47:53,415 - __main__ - INFO - Found 0 company elements on YC page
2025-03-09 06:47:53,475 - __main__ - INFO - Added 0 Y Combinator companies from Bay Area
2025-03-09 06:47:53,475 - __main__ - INFO - Collecting AngelList/Wellfound data...
2025-03-09 06:48:10,193 - __main__ - INFO - Found 0 startup cards on Wellfound page
2025-03-09 06:48:10,195 - __main__ - INFO - Added 0 startups from AngelList/Wellfound
2025-03-09 06:48:10,195 - __main__ - INFO - Collecting TechCrunch data...
2025-03-09 06:48:11,326 - __main__ - INFO - Found 0 TechCrunch articles about Bay Area startups
2025-03-09 06:48:11,326 - __main__ - INFO - Added 0 startup mentions from TechCrunch
2025-03-09 06:48:11,340 - __main__ - WARNING - No data collected. Output file not created.
2025-03-09 06:48:11,430 - __main__ - INFO - WebDriver closed successfully
